<?xml version="1.0" encoding="UTF-8"?>
<!-- Generated by org.testng.reporters.JUnitReportReporter -->
<testsuite hostname="DESKTOP-15LCLF7" failures="0" tests="1" name="com.swiggy.testscripts.TestRunner" time="38.308" errors="0" timestamp="2022-08-21T18:10:45 IST" skipped="0">
  <testcase classname="com.swiggy.testscripts.TestRunner" name="runScenario" time="38.308"/>
  <system-out/>
</testsuite> <!-- com.swiggy.testscripts.TestRunner -->
